[debug] [2023-06-24T10:26:45.430Z] ----------------------------------------------------------------------
[debug] [2023-06-24T10:26:45.433Z] Command:       C:\Program Files\nodejs\node.exe C:\Users\42kha\AppData\Roaming\npm\node_modules\firebase-tools\lib\bin\firebase.js init
[debug] [2023-06-24T10:26:45.434Z] CLI Version:   12.4.0
[debug] [2023-06-24T10:26:45.435Z] Platform:      win32
[debug] [2023-06-24T10:26:45.435Z] Node Version:  v18.15.0
[debug] [2023-06-24T10:26:45.437Z] Time:          Sat Jun 24 2023 15:26:45 GMT+0500 (Pakistan Standard Time)
[debug] [2023-06-24T10:26:45.437Z] ----------------------------------------------------------------------
[debug] 
[debug] [2023-06-24T10:26:45.453Z] > command requires scopes: ["email","openid","https://www.googleapis.com/auth/cloudplatformprojects.readonly","https://www.googleapis.com/auth/firebase","https://www.googleapis.com/auth/cloud-platform"]
[debug] [2023-06-24T10:26:45.454Z] > authorizing via signed-in user (malikusmankkh@gmail.com)
[info] 
     ######## #### ########  ######## ########     ###     ######  ########
     ##        ##  ##     ## ##       ##     ##  ##   ##  ##       ##
     ######    ##  ########  ######   ########  #########  ######  ######
     ##        ##  ##    ##  ##       ##     ## ##     ##       ## ##
     ##       #### ##     ## ######## ########  ##     ##  ######  ########

You're about to initialize a Firebase project in this directory:

  C:\Users\42kha\OneDrive\Desktop\Bytewise\Firebase Integration\app

[info] 
=== Project Setup
[info] 
[info] First, let's associate this project directory with a Firebase project.
[info] You can create multiple project aliases by running firebase use --add, 
[info] but for now we'll just set up a default project.
[info] 
[debug] [2023-06-24T10:26:52.761Z] >>> [apiv2][query] GET https://firebase.googleapis.com/v1beta1/projects pageSize=100
[debug] [2023-06-24T10:26:53.693Z] <<< [apiv2][status] GET https://firebase.googleapis.com/v1beta1/projects 200
[debug] [2023-06-24T10:26:53.694Z] <<< [apiv2][body] GET https://firebase.googleapis.com/v1beta1/projects [omitted]
[info] i  Using project fir-course-b7a8f (firebase-course) 
[info] 
=== Hosting Setup
[info] 
[info] Your public directory is the folder (relative to your project directory) that
[info] will contain Hosting assets to be uploaded with firebase deploy. If you
[info] have a build process for your assets, use your build's output directory.
[info] 
[info] +  Wrote public/404.html 
[debug] [2023-06-24T10:28:28.722Z] >>> [apiv2][query] GET https://www.gstatic.com/firebasejs/releases.json [none]
[debug] [2023-06-24T10:28:29.223Z] <<< [apiv2][status] GET https://www.gstatic.com/firebasejs/releases.json 200
[debug] [2023-06-24T10:28:29.224Z] <<< [apiv2][body] GET https://www.gstatic.com/firebasejs/releases.json {"current":{"version":"9.23.0","browserURL":"https://www.gstatic.com/firebasejs/9.23.0/firebase.js","packageURL":"https://www.gstatic.com/firebasejs/9.23.0/firebase.tgz"},"live":{"version":"9.23","browserURL":"https://www.gstatic.com/firebasejs/live/9.23/firebase.js","packageURL":"https://www.gstatic.com/firebasejs/live/9.23/firebase.tgz"},"components":{"analytics":"https://www.gstatic.com/firebasejs/9.23.0/firebase-analytics.js","app":"https://www.gstatic.com/firebasejs/9.23.0/firebase-app.js","app-check":"https://www.gstatic.com/firebasejs/9.23.0/firebase-app-check.js","auth":"https://www.gstatic.com/firebasejs/9.23.0/firebase-auth.js","auth/cordova":"https://www.gstatic.com/firebasejs/9.23.0/firebase-auth/cordova.js","auth/react-native":"https://www.gstatic.com/firebasejs/9.23.0/firebase-auth/react-native.js","functions":"https://www.gstatic.com/firebasejs/9.23.0/firebase-functions.js","firestore":"https://www.gstatic.com/firebasejs/9.23.0/firebase-firestore.js","firestore/lite":"https://www.gstatic.com/firebasejs/9.23.0/firebase-firestore/lite.js","installations":"https://www.gstatic.com/firebasejs/9.23.0/firebase-installations.js","storage":"https://www.gstatic.com/firebasejs/9.23.0/firebase-storage.js","performance":"https://www.gstatic.com/firebasejs/9.23.0/firebase-performance.js","remote-config":"https://www.gstatic.com/firebasejs/9.23.0/firebase-remote-config.js","messaging":"https://www.gstatic.com/firebasejs/9.23.0/firebase-messaging.js","messaging/sw":"https://www.gstatic.com/firebasejs/9.23.0/firebase-messaging/sw.js","database":"https://www.gstatic.com/firebasejs/9.23.0/firebase-database.js","firestore.memory":"https://www.gstatic.com/firebasejs/9.23.0/firebase-firestore.memory.js"}}
[info] i  Skipping write of public/index.html 
[info] 
[info] i  Detected a .git folder at C:\Users\42kha\OneDrive\Desktop\Bytewise\Firebase Integration\app 
[info] i  Authorizing with GitHub to upload your service account to a GitHub repository's secrets store. 
[info] 
[info] Visit this URL on this device to log in:
[info] https://github.com/login/oauth/authorize?client_id=89cf50f02ac6aaed3484&state=617596298&redirect_uri=http%3A%2F%2Flocalhost%3A9005&scope=read%3Auser%20repo%20public_repo
[info] 
[info] Waiting for authentication...
[debug] [2023-06-24T10:28:34.187Z] >>> [apiv2][query] POST https://github.com/login/oauth/access_token [none]
[debug] [2023-06-24T10:28:34.188Z] >>> [apiv2][body] POST https://github.com/login/oauth/access_token [stream]
[debug] [2023-06-24T10:28:34.840Z] <<< [apiv2][status] POST https://github.com/login/oauth/access_token 200
[debug] [2023-06-24T10:28:34.841Z] <<< [apiv2][body] POST https://github.com/login/oauth/access_token {"access_token":"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","token_type":"bearer","scope":"read:user,repo"}
[debug] [2023-06-24T10:28:34.878Z] >>> [apiv2][query] GET https://api.github.com/user [none]
[debug] [2023-06-24T10:28:35.563Z] <<< [apiv2][status] GET https://api.github.com/user 200
[debug] [2023-06-24T10:28:35.563Z] <<< [apiv2][body] GET https://api.github.com/user {"login":"malikkusman","id":117298993,"node_id":"U_kgDOBv3XMQ","avatar_url":"https://avatars.githubusercontent.com/u/117298993?v=4","gravatar_id":"","url":"https://api.github.com/users/malikkusman","html_url":"https://github.com/malikkusman","followers_url":"https://api.github.com/users/malikkusman/followers","following_url":"https://api.github.com/users/malikkusman/following{/other_user}","gists_url":"https://api.github.com/users/malikkusman/gists{/gist_id}","starred_url":"https://api.github.com/users/malikkusman/starred{/owner}{/repo}","subscriptions_url":"https://api.github.com/users/malikkusman/subscriptions","organizations_url":"https://api.github.com/users/malikkusman/orgs","repos_url":"https://api.github.com/users/malikkusman/repos","events_url":"https://api.github.com/users/malikkusman/events{/privacy}","received_events_url":"https://api.github.com/users/malikkusman/received_events","type":"User","site_admin":false,"name":"Muhammad Usman Asghar","company":null,"blog":"","location":"Pakistan","email":"42khan0@gmail.com","hireable":null,"bio":"I am Muhammad Usman Asghar.  I am currently doing a Bachelor of Computer Science at the University of Engineering and Technology Lahore","twitter_username":"malikusmann_","public_repos":10,"public_gists":16,"followers":3,"following":5,"created_at":"2022-11-02T15:51:32Z","updated_at":"2023-06-21T07:22:57Z","private_gists":0,"total_private_repos":6,"owned_private_repos":6,"disk_usage":20232,"collaborators":0,"two_factor_authentication":false,"plan":{"name":"pro","space":976562499,"collaborators":0,"private_repos":9999}}
[info] 
[info] +  Success! Logged into GitHub as malikkusman 
[info] 
